<?xml version="1.0" encoding="UTF-8"?>
<!-- Generated by org.testng.reporters.JUnitReportReporter -->
<testsuite hostname="Steves-MacBook-Pro.local" failures="0" tests="1" name="onlinecalculator.Multiplication" time="9.776" errors="0" timestamp="2022-10-15T23:16:03 EAT" skipped="0">
  <testcase classname="onlinecalculator.Multiplication" name="Multiplication" time="9.776"/>
  <system-out/>
</testsuite> <!-- onlinecalculator.Multiplication -->
