<?xml version="1.0" encoding="UTF-8"?>
<!-- Generated by org.testng.reporters.JUnitReportReporter -->
<testsuite hostname="Steves-MacBook-Pro.local" failures="0" tests="1" name="onlinecalculator.DivideByZero" time="9.009" errors="0" timestamp="2022-10-15T23:16:03 EAT" skipped="0">
  <testcase classname="onlinecalculator.DivideByZero" name="DivideByZero" time="9.009"/>
  <system-out/>
</testsuite> <!-- onlinecalculator.DivideByZero -->
