<?xml version="1.0" encoding="UTF-8"?>
<!-- Generated by org.testng.reporters.JUnitReportReporter -->
<testsuite hostname="Steves-MacBook-Pro.local" failures="0" tests="1" name="onlinecalculator.Subtraction" time="5.503" errors="0" timestamp="2022-11-08T18:26:02 EAT" skipped="0">
  <testcase classname="onlinecalculator.Subtraction" name="Subtraction" time="5.503"/>
  <system-out/>
</testsuite> <!-- onlinecalculator.Subtraction -->
