<?xml version="1.0" encoding="UTF-8"?>
<!-- Generated by org.testng.reporters.JUnitReportReporter -->
<testsuite hostname="Steves-MacBook-Pro.local" failures="0" tests="1" name="onlinecalculator.OnlineCalculatorTests" time="4.378" errors="0" timestamp="2022-10-13T21:37:25 EAT" skipped="0">
  <testcase classname="onlinecalculator.OnlineCalculatorTests" name="Multiplication" time="4.378"/>
  <system-out/>
</testsuite> <!-- onlinecalculator.OnlineCalculatorTests -->
