<?xml version="1.0" encoding="UTF-8"?>
<!-- Generated by org.testng.reporters.JUnitReportReporter -->
<testsuite hostname="Steves-MacBook-Pro.local" failures="0" tests="1" name="onlinecalculator.Addition" time="6.248" errors="0" timestamp="2022-11-08T18:26:02 EAT" skipped="0">
  <testcase classname="onlinecalculator.Addition" name="Addition" time="6.248"/>
  <system-out/>
</testsuite> <!-- onlinecalculator.Addition -->
