<?xml version="1.0" encoding="UTF-8"?>
<!-- Generated by org.testng.reporters.JUnitReportReporter -->
<testsuite hostname="Steves-MacBook-Pro.local" failures="0" tests="1" name="onlinecalculator.Multiplication" time="8.773" errors="0" timestamp="2022-10-16T14:18:45 EAT" skipped="0">
  <testcase classname="onlinecalculator.Multiplication" name="Multiplication" time="8.773"/>
  <system-out/>
</testsuite> <!-- onlinecalculator.Multiplication -->
