<?xml version="1.0" encoding="UTF-8"?>
<!-- Generated by org.testng.reporters.JUnitReportReporter -->
<testsuite hostname="Steves-MacBook-Pro.local" failures="0" tests="1" name="onlinecalculator.AdditionMultiplication" time="10.718" errors="0" timestamp="2022-11-09T17:37:38 EAT" skipped="0">
  <testcase classname="onlinecalculator.AdditionMultiplication" name="AdditionMultiplication" time="10.718"/>
  <system-out/>
</testsuite> <!-- onlinecalculator.AdditionMultiplication -->
