<?xml version="1.0" encoding="UTF-8"?>
<!-- Generated by org.testng.reporters.JUnitReportReporter -->
<testsuite hostname="Steves-MacBook-Pro.local" failures="0" tests="1" name="onlinecalculator.NegativeValues" time="6.184" errors="0" timestamp="2022-10-16T14:18:45 EAT" skipped="0">
  <testcase classname="onlinecalculator.NegativeValues" name="NegativeValues" time="6.184"/>
  <system-out/>
</testsuite> <!-- onlinecalculator.NegativeValues -->
