<?xml version="1.0" encoding="UTF-8"?>
<!-- Generated by org.testng.reporters.JUnitReportReporter -->
<testsuite hostname="Steves-MacBook-Pro.local" failures="0" tests="1" name="onlinecalculator.ClearButton" time="11.774" errors="0" timestamp="2022-10-16T13:51:36 EAT" skipped="0">
  <testcase classname="onlinecalculator.ClearButton" name="ClearButton" time="11.774"/>
  <system-out/>
</testsuite> <!-- onlinecalculator.ClearButton -->
