<?xml version="1.0" encoding="UTF-8"?>
<!-- Generated by org.testng.reporters.JUnitReportReporter -->
<testsuite hostname="Steves-MacBook-Pro.local" failures="0" tests="1" name="onlinecalculator.Division" time="10.860" errors="0" timestamp="2022-10-16T14:18:45 EAT" skipped="0">
  <testcase classname="onlinecalculator.Division" name="Divison" time="10.860"/>
  <system-out/>
</testsuite> <!-- onlinecalculator.Division -->
