<?xml version="1.0" encoding="UTF-8"?>
<!-- Generated by org.testng.reporters.JUnitReportReporter -->
<testsuite hostname="Steves-MacBook-Pro.local" failures="0" tests="1" name="onlinecalculator.Multiplication" time="7.765" errors="0" timestamp="2022-11-08T18:26:02 EAT" skipped="0">
  <testcase classname="onlinecalculator.Multiplication" name="Multiplication" time="7.765"/>
  <system-out/>
</testsuite> <!-- onlinecalculator.Multiplication -->
