<?xml version="1.0" encoding="UTF-8"?>
<!-- Generated by org.testng.reporters.JUnitReportReporter -->
<testsuite hostname="Steves-MacBook-Pro.local" failures="0" tests="1" name="onlinecalculator.ClearButton" time="30.927" errors="0" timestamp="2022-11-08T19:16:54 EAT" skipped="0">
  <testcase classname="onlinecalculator.ClearButton" name="ClearButton" time="30.927"/>
  <system-out/>
</testsuite> <!-- onlinecalculator.ClearButton -->
